<?xml version="1.0" encoding="UTF-8"?>
<!-- Generated by org.testng.reporters.JUnitXMLReporter -->
<testsuite ignored="0" hostname="IN-5CG1376TYZ" failures="0" tests="11" name="Smoke Testing Suite" time="72.994" errors="0" timestamp="2024-06-14T08:31:25 IST">
  <testcase classname="testNGFramework.Facebook" name="ts1" time="0.145"/>
  <testcase classname="testNGFramework.Facebook" name="ts2" time="0.099"/>
  <testcase classname="testNGFramework.Facebook" name="ts3" time="0.076"/>
  <testcase classname="testNGFramework.Facebook" name="ts4" time="2.415"/>
  <testcase classname="testNGFramework.InternetSpped" name="InternetSpeed" time="0.083"/>
  <testcase classname="testNGFramework.DatapProviderFB" name="loginCredentialValidation" time="2.305"/>
  <testcase classname="testNGFramework.DatapProviderFB" name="loginCredentialValidation" time="2.492"/>
  <testcase classname="testNGFramework.DatapProviderFB" name="loginCredentialValidation" time="2.392"/>
  <testcase classname="testNGFramework.DPCLass" name="testMethod" time="0.003"/>
  <testcase classname="testNGFramework.DPCLass" name="testMethod" time="0.0"/>
  <testcase classname="testNGFramework.DPCLass" name="testMethod" time="0.001"/>
</testsuite> <!-- Smoke Testing Suite -->
